<?xml version="1.0" encoding="utf-8"?>
<TestRun id="a3d1d599-6abc-4907-9d02-51721ec9929b" name="GHC@GH 2025-08-29 02:19:47" runUser="GH\GHC" xmlns="http://microsoft.com/schemas/VisualStudio/TeamTest/2010">
  <Times creation="2025-08-29T02:19:47.7929266+07:00" queuing="2025-08-29T02:19:47.7929270+07:00" start="2025-08-29T02:19:45.2091627+07:00" finish="2025-08-29T02:19:48.1979849+07:00" />
  <TestSettings name="default" id="d576d059-59bc-4bb1-905c-f57bc7dc38c7">
    <Deployment runDeploymentRoot="GHC_GH_2025-08-29_02_19_47" />
  </TestSettings>
  <Results>
    <UnitTestResult executionId="1bbc59ff-8e70-44d6-a4e5-116abe715cb8" testId="9e6c0405-b27c-751d-2101-433343ec0d5d" testName="ChildGuard.Tests.CoreModelsTests.JsonlSink_Writes_Line" computerName="GH" duration="00:00:00.1472886" startTime="2025-08-29T02:19:46.5796123+07:00" endTime="2025-08-29T02:19:46.7358589+07:00" testType="13cdc9d9-ddb5-4fa4-a97d-d965ccfc6d4b" outcome="Passed" testListId="8c84fa94-04c1-424b-9868-57a2d4851a1d" relativeResultsDirectory="1bbc59ff-8e70-44d6-a4e5-116abe715cb8" />
    <UnitTestResult executionId="8849a5e3-1134-4dd2-8119-bf8c510b7b01" testId="1cdf7651-5df4-140b-ab87-f8cba290fabd" testName="ChildGuard.Tests.ModernMainFormLayoutTests.Reports_NoOverlap" computerName="GH" duration="00:00:00.0046964" startTime="2025-08-29T02:19:46.7773592+07:00" endTime="2025-08-29T02:19:46.7774328+07:00" testType="13cdc9d9-ddb5-4fa4-a97d-d965ccfc6d4b" outcome="Failed" testListId="8c84fa94-04c1-424b-9868-57a2d4851a1d" relativeResultsDirectory="8849a5e3-1134-4dd2-8119-bf8c510b7b01">
      <Output>
        <ErrorInfo>
          <Message>System.NullReferenceException : Object reference not set to an instance of an object.</Message>
          <StackTrace>   at ChildGuard.Tests.ModernMainFormLayoutTests.RunInSta(Action action) in C:\VF\ChildGuard\ChildGuard.Tests\ModernMainFormLayoutTests.cs:line 22&#xD;
   at ChildGuard.Tests.ModernMainFormLayoutTests.Reports_NoOverlap() in C:\VF\ChildGuard\ChildGuard.Tests\ModernMainFormLayoutTests.cs:line 112&#xD;
   at System.RuntimeMethodHandle.InvokeMethod(Object target, Void** arguments, Signature sig, Boolean isConstructor)&#xD;
   at System.Reflection.MethodBaseInvoker.InvokeWithNoArgs(Object obj, BindingFlags invokeAttr)</StackTrace>
        </ErrorInfo>
      </Output>
    </UnitTestResult>
    <UnitTestResult executionId="88df72ba-6c35-445b-a7c5-967b13559d30" testId="97d1982a-a2a9-85d5-9ea4-416137a0a425" testName="ChildGuard.Tests.ModernMainFormLayoutTests.Protection_NoOverlap" computerName="GH" duration="00:00:00.1453731" startTime="2025-08-29T02:19:46.5771434+07:00" endTime="2025-08-29T02:19:46.7598205+07:00" testType="13cdc9d9-ddb5-4fa4-a97d-d965ccfc6d4b" outcome="Failed" testListId="8c84fa94-04c1-424b-9868-57a2d4851a1d" relativeResultsDirectory="88df72ba-6c35-445b-a7c5-967b13559d30">
      <Output>
        <ErrorInfo>
          <Message>System.NullReferenceException : Object reference not set to an instance of an object.</Message>
          <StackTrace>   at ChildGuard.Tests.ModernMainFormLayoutTests.RunInSta(Action action) in C:\VF\ChildGuard\ChildGuard.Tests\ModernMainFormLayoutTests.cs:line 22&#xD;
   at ChildGuard.Tests.ModernMainFormLayoutTests.Protection_NoOverlap() in C:\VF\ChildGuard\ChildGuard.Tests\ModernMainFormLayoutTests.cs:line 95&#xD;
   at System.RuntimeMethodHandle.InvokeMethod(Object target, Void** arguments, Signature sig, Boolean isConstructor)&#xD;
   at System.Reflection.MethodBaseInvoker.InvokeWithNoArgs(Object obj, BindingFlags invokeAttr)</StackTrace>
        </ErrorInfo>
      </Output>
    </UnitTestResult>
    <UnitTestResult executionId="b2f72a7b-2dbe-441c-8815-53e8acf4c227" testId="ee211033-af04-9b5c-4929-e204b1f56278" testName="ChildGuard.Tests.ModernMainFormLayoutTests.Monitoring_NoOverlap" computerName="GH" duration="00:00:00.0054936" startTime="2025-08-29T02:19:46.7666708+07:00" endTime="2025-08-29T02:19:46.7680137+07:00" testType="13cdc9d9-ddb5-4fa4-a97d-d965ccfc6d4b" outcome="Failed" testListId="8c84fa94-04c1-424b-9868-57a2d4851a1d" relativeResultsDirectory="b2f72a7b-2dbe-441c-8815-53e8acf4c227">
      <Output>
        <ErrorInfo>
          <Message>System.NullReferenceException : Object reference not set to an instance of an object.</Message>
          <StackTrace>   at ChildGuard.Tests.ModernMainFormLayoutTests.RunInSta(Action action) in C:\VF\ChildGuard\ChildGuard.Tests\ModernMainFormLayoutTests.cs:line 22&#xD;
   at ChildGuard.Tests.ModernMainFormLayoutTests.Monitoring_NoOverlap() in C:\VF\ChildGuard\ChildGuard.Tests\ModernMainFormLayoutTests.cs:line 78&#xD;
   at System.RuntimeMethodHandle.InvokeMethod(Object target, Void** arguments, Signature sig, Boolean isConstructor)&#xD;
   at System.Reflection.MethodBaseInvoker.InvokeWithNoArgs(Object obj, BindingFlags invokeAttr)</StackTrace>
        </ErrorInfo>
      </Output>
    </UnitTestResult>
    <UnitTestResult executionId="f2c681d1-ba8a-427d-8a9a-7a9f9395ded9" testId="bd892dbd-4a09-63a3-ab8c-f89a6427f5de" testName="ChildGuard.Tests.UrlSafetyCheckerTests.SuspiciousUrl_ReturnsUnsafe" computerName="GH" duration="00:00:00.0144491" startTime="2025-08-29T02:19:48.0501155+07:00" endTime="2025-08-29T02:19:48.0645667+07:00" testType="13cdc9d9-ddb5-4fa4-a97d-d965ccfc6d4b" outcome="Passed" testListId="8c84fa94-04c1-424b-9868-57a2d4851a1d" relativeResultsDirectory="f2c681d1-ba8a-427d-8a9a-7a9f9395ded9" />
    <UnitTestResult executionId="2478cfff-418f-47dc-bedf-75d0ad95db30" testId="0bfdbdd0-a3d4-9f39-4a35-d61a5df39f6b" testName="ChildGuard.Tests.ModernMainFormLayoutTests.Settings_NoOverlap" computerName="GH" duration="00:00:00.0032832" startTime="2025-08-29T02:19:46.7795556+07:00" endTime="2025-08-29T02:19:46.7797556+07:00" testType="13cdc9d9-ddb5-4fa4-a97d-d965ccfc6d4b" outcome="Failed" testListId="8c84fa94-04c1-424b-9868-57a2d4851a1d" relativeResultsDirectory="2478cfff-418f-47dc-bedf-75d0ad95db30">
      <Output>
        <ErrorInfo>
          <Message>System.NullReferenceException : Object reference not set to an instance of an object.</Message>
          <StackTrace>   at ChildGuard.Tests.ModernMainFormLayoutTests.RunInSta(Action action) in C:\VF\ChildGuard\ChildGuard.Tests\ModernMainFormLayoutTests.cs:line 22&#xD;
   at ChildGuard.Tests.ModernMainFormLayoutTests.Settings_NoOverlap() in C:\VF\ChildGuard\ChildGuard.Tests\ModernMainFormLayoutTests.cs:line 129&#xD;
   at System.RuntimeMethodHandle.InvokeMethod(Object target, Void** arguments, Signature sig, Boolean isConstructor)&#xD;
   at System.Reflection.MethodBaseInvoker.InvokeWithNoArgs(Object obj, BindingFlags invokeAttr)</StackTrace>
        </ErrorInfo>
      </Output>
    </UnitTestResult>
    <UnitTestResult executionId="1a486182-7c40-4ba3-9b35-697bf404c95e" testId="7d94c213-f21d-cfe4-d215-829e636173c4" testName="ChildGuard.Tests.UrlSafetyCheckerTests.SafeUrl_ReturnsSafe" computerName="GH" duration="00:00:00.7798821" startTime="2025-08-29T02:19:47.2726196+07:00" endTime="2025-08-29T02:19:48.0497049+07:00" testType="13cdc9d9-ddb5-4fa4-a97d-d965ccfc6d4b" outcome="Passed" testListId="8c84fa94-04c1-424b-9868-57a2d4851a1d" relativeResultsDirectory="1a486182-7c40-4ba3-9b35-697bf404c95e" />
    <UnitTestResult executionId="4d0134f2-c334-4c49-a5f6-9489f845f6fa" testId="3022d27b-ab5b-6ca7-70d0-ed5ef9621a57" testName="ChildGuard.Tests.ModernMainFormLayoutTests.Dashboard_NoOverlap" computerName="GH" duration="00:00:00.0070286" startTime="2025-08-29T02:19:46.7760401+07:00" endTime="2025-08-29T02:19:46.7761564+07:00" testType="13cdc9d9-ddb5-4fa4-a97d-d965ccfc6d4b" outcome="Failed" testListId="8c84fa94-04c1-424b-9868-57a2d4851a1d" relativeResultsDirectory="4d0134f2-c334-4c49-a5f6-9489f845f6fa">
      <Output>
        <ErrorInfo>
          <Message>System.NullReferenceException : Object reference not set to an instance of an object.</Message>
          <StackTrace>   at ChildGuard.Tests.ModernMainFormLayoutTests.RunInSta(Action action) in C:\VF\ChildGuard\ChildGuard.Tests\ModernMainFormLayoutTests.cs:line 22&#xD;
   at ChildGuard.Tests.ModernMainFormLayoutTests.Dashboard_NoOverlap() in C:\VF\ChildGuard\ChildGuard.Tests\ModernMainFormLayoutTests.cs:line 60&#xD;
   at System.RuntimeMethodHandle.InvokeMethod(Object target, Void** arguments, Signature sig, Boolean isConstructor)&#xD;
   at System.Reflection.MethodBaseInvoker.InvokeWithNoArgs(Object obj, BindingFlags invokeAttr)</StackTrace>
        </ErrorInfo>
      </Output>
    </UnitTestResult>
    <UnitTestResult executionId="231adfea-851b-4c74-91bd-ba5cb1b3394c" testId="6321e28b-01e3-aa90-3eb6-f86ce8e6ff93" testName="ChildGuard.Tests.UrlSafetyCheckerTests.UrlWithKeywords_ReturnsUnsafe" computerName="GH" duration="00:00:00.6836046" startTime="2025-08-29T02:19:46.5795273+07:00" endTime="2025-08-29T02:19:47.2693375+07:00" testType="13cdc9d9-ddb5-4fa4-a97d-d965ccfc6d4b" outcome="Passed" testListId="8c84fa94-04c1-424b-9868-57a2d4851a1d" relativeResultsDirectory="231adfea-851b-4c74-91bd-ba5cb1b3394c" />
  </Results>
  <TestDefinitions>
    <UnitTest name="ChildGuard.Tests.ModernMainFormLayoutTests.Protection_NoOverlap" storage="c:\vf\childguard\childguard.tests\bin\debug\net8.0-windows\childguard.tests.dll" id="97d1982a-a2a9-85d5-9ea4-416137a0a425">
      <Execution id="88df72ba-6c35-445b-a7c5-967b13559d30" />
      <TestMethod codeBase="C:\VF\ChildGuard\ChildGuard.Tests\bin\Debug\net8.0-windows\ChildGuard.Tests.dll" adapterTypeName="executor://xunit/VsTestRunner3/netcore/" className="ChildGuard.Tests.ModernMainFormLayoutTests" name="Protection_NoOverlap" />
    </UnitTest>
    <UnitTest name="ChildGuard.Tests.ModernMainFormLayoutTests.Settings_NoOverlap" storage="c:\vf\childguard\childguard.tests\bin\debug\net8.0-windows\childguard.tests.dll" id="0bfdbdd0-a3d4-9f39-4a35-d61a5df39f6b">
      <Execution id="2478cfff-418f-47dc-bedf-75d0ad95db30" />
      <TestMethod codeBase="C:\VF\ChildGuard\ChildGuard.Tests\bin\Debug\net8.0-windows\ChildGuard.Tests.dll" adapterTypeName="executor://xunit/VsTestRunner3/netcore/" className="ChildGuard.Tests.ModernMainFormLayoutTests" name="Settings_NoOverlap" />
    </UnitTest>
    <UnitTest name="ChildGuard.Tests.UrlSafetyCheckerTests.UrlWithKeywords_ReturnsUnsafe" storage="c:\vf\childguard\childguard.tests\bin\debug\net8.0-windows\childguard.tests.dll" id="6321e28b-01e3-aa90-3eb6-f86ce8e6ff93">
      <Execution id="231adfea-851b-4c74-91bd-ba5cb1b3394c" />
      <TestMethod codeBase="C:\VF\ChildGuard\ChildGuard.Tests\bin\Debug\net8.0-windows\ChildGuard.Tests.dll" adapterTypeName="executor://xunit/VsTestRunner3/netcore/" className="ChildGuard.Tests.UrlSafetyCheckerTests" name="UrlWithKeywords_ReturnsUnsafe" />
    </UnitTest>
    <UnitTest name="ChildGuard.Tests.ModernMainFormLayoutTests.Monitoring_NoOverlap" storage="c:\vf\childguard\childguard.tests\bin\debug\net8.0-windows\childguard.tests.dll" id="ee211033-af04-9b5c-4929-e204b1f56278">
      <Execution id="b2f72a7b-2dbe-441c-8815-53e8acf4c227" />
      <TestMethod codeBase="C:\VF\ChildGuard\ChildGuard.Tests\bin\Debug\net8.0-windows\ChildGuard.Tests.dll" adapterTypeName="executor://xunit/VsTestRunner3/netcore/" className="ChildGuard.Tests.ModernMainFormLayoutTests" name="Monitoring_NoOverlap" />
    </UnitTest>
    <UnitTest name="ChildGuard.Tests.CoreModelsTests.JsonlSink_Writes_Line" storage="c:\vf\childguard\childguard.tests\bin\debug\net8.0-windows\childguard.tests.dll" id="9e6c0405-b27c-751d-2101-433343ec0d5d">
      <Execution id="1bbc59ff-8e70-44d6-a4e5-116abe715cb8" />
      <TestMethod codeBase="C:\VF\ChildGuard\ChildGuard.Tests\bin\Debug\net8.0-windows\ChildGuard.Tests.dll" adapterTypeName="executor://xunit/VsTestRunner3/netcore/" className="ChildGuard.Tests.CoreModelsTests" name="JsonlSink_Writes_Line" />
    </UnitTest>
    <UnitTest name="ChildGuard.Tests.UrlSafetyCheckerTests.SafeUrl_ReturnsSafe" storage="c:\vf\childguard\childguard.tests\bin\debug\net8.0-windows\childguard.tests.dll" id="7d94c213-f21d-cfe4-d215-829e636173c4">
      <Execution id="1a486182-7c40-4ba3-9b35-697bf404c95e" />
      <TestMethod codeBase="C:\VF\ChildGuard\ChildGuard.Tests\bin\Debug\net8.0-windows\ChildGuard.Tests.dll" adapterTypeName="executor://xunit/VsTestRunner3/netcore/" className="ChildGuard.Tests.UrlSafetyCheckerTests" name="SafeUrl_ReturnsSafe" />
    </UnitTest>
    <UnitTest name="ChildGuard.Tests.ModernMainFormLayoutTests.Dashboard_NoOverlap" storage="c:\vf\childguard\childguard.tests\bin\debug\net8.0-windows\childguard.tests.dll" id="3022d27b-ab5b-6ca7-70d0-ed5ef9621a57">
      <Execution id="4d0134f2-c334-4c49-a5f6-9489f845f6fa" />
      <TestMethod codeBase="C:\VF\ChildGuard\ChildGuard.Tests\bin\Debug\net8.0-windows\ChildGuard.Tests.dll" adapterTypeName="executor://xunit/VsTestRunner3/netcore/" className="ChildGuard.Tests.ModernMainFormLayoutTests" name="Dashboard_NoOverlap" />
    </UnitTest>
    <UnitTest name="ChildGuard.Tests.UrlSafetyCheckerTests.SuspiciousUrl_ReturnsUnsafe" storage="c:\vf\childguard\childguard.tests\bin\debug\net8.0-windows\childguard.tests.dll" id="bd892dbd-4a09-63a3-ab8c-f89a6427f5de">
      <Execution id="f2c681d1-ba8a-427d-8a9a-7a9f9395ded9" />
      <TestMethod codeBase="C:\VF\ChildGuard\ChildGuard.Tests\bin\Debug\net8.0-windows\ChildGuard.Tests.dll" adapterTypeName="executor://xunit/VsTestRunner3/netcore/" className="ChildGuard.Tests.UrlSafetyCheckerTests" name="SuspiciousUrl_ReturnsUnsafe" />
    </UnitTest>
    <UnitTest name="ChildGuard.Tests.ModernMainFormLayoutTests.Reports_NoOverlap" storage="c:\vf\childguard\childguard.tests\bin\debug\net8.0-windows\childguard.tests.dll" id="1cdf7651-5df4-140b-ab87-f8cba290fabd">
      <Execution id="8849a5e3-1134-4dd2-8119-bf8c510b7b01" />
      <TestMethod codeBase="C:\VF\ChildGuard\ChildGuard.Tests\bin\Debug\net8.0-windows\ChildGuard.Tests.dll" adapterTypeName="executor://xunit/VsTestRunner3/netcore/" className="ChildGuard.Tests.ModernMainFormLayoutTests" name="Reports_NoOverlap" />
    </UnitTest>
  </TestDefinitions>
  <TestEntries>
    <TestEntry testId="9e6c0405-b27c-751d-2101-433343ec0d5d" executionId="1bbc59ff-8e70-44d6-a4e5-116abe715cb8" testListId="8c84fa94-04c1-424b-9868-57a2d4851a1d" />
    <TestEntry testId="1cdf7651-5df4-140b-ab87-f8cba290fabd" executionId="8849a5e3-1134-4dd2-8119-bf8c510b7b01" testListId="8c84fa94-04c1-424b-9868-57a2d4851a1d" />
    <TestEntry testId="97d1982a-a2a9-85d5-9ea4-416137a0a425" executionId="88df72ba-6c35-445b-a7c5-967b13559d30" testListId="8c84fa94-04c1-424b-9868-57a2d4851a1d" />
    <TestEntry testId="ee211033-af04-9b5c-4929-e204b1f56278" executionId="b2f72a7b-2dbe-441c-8815-53e8acf4c227" testListId="8c84fa94-04c1-424b-9868-57a2d4851a1d" />
    <TestEntry testId="bd892dbd-4a09-63a3-ab8c-f89a6427f5de" executionId="f2c681d1-ba8a-427d-8a9a-7a9f9395ded9" testListId="8c84fa94-04c1-424b-9868-57a2d4851a1d" />
    <TestEntry testId="0bfdbdd0-a3d4-9f39-4a35-d61a5df39f6b" executionId="2478cfff-418f-47dc-bedf-75d0ad95db30" testListId="8c84fa94-04c1-424b-9868-57a2d4851a1d" />
    <TestEntry testId="7d94c213-f21d-cfe4-d215-829e636173c4" executionId="1a486182-7c40-4ba3-9b35-697bf404c95e" testListId="8c84fa94-04c1-424b-9868-57a2d4851a1d" />
    <TestEntry testId="3022d27b-ab5b-6ca7-70d0-ed5ef9621a57" executionId="4d0134f2-c334-4c49-a5f6-9489f845f6fa" testListId="8c84fa94-04c1-424b-9868-57a2d4851a1d" />
    <TestEntry testId="6321e28b-01e3-aa90-3eb6-f86ce8e6ff93" executionId="231adfea-851b-4c74-91bd-ba5cb1b3394c" testListId="8c84fa94-04c1-424b-9868-57a2d4851a1d" />
  </TestEntries>
  <TestLists>
    <TestList name="Results Not in a List" id="8c84fa94-04c1-424b-9868-57a2d4851a1d" />
    <TestList name="All Loaded Results" id="19431567-8539-422a-85d7-44ee4e166bda" />
  </TestLists>
  <ResultSummary outcome="Failed">
    <Counters total="9" executed="9" passed="4" failed="5" error="0" timeout="0" aborted="0" inconclusive="0" passedButRunAborted="0" notRunnable="0" notExecuted="0" disconnected="0" warning="0" completed="0" inProgress="0" pending="0" />
    <Output>
      <StdOut>[xUnit.net 00:00:00.00] xUnit.net VSTest Adapter v3.1.4+50e68bbb8b (64-bit .NET 8.0.19)&#xD;
[xUnit.net 00:00:00.15]   Discovering: ChildGuard.Tests&#xD;
[xUnit.net 00:00:00.21]   Discovered:  ChildGuard.Tests&#xD;
[xUnit.net 00:00:00.24]   Starting:    ChildGuard.Tests&#xD;
[xUnit.net 00:00:00.48]       System.NullReferenceException : Object reference not set to an instance of an object.&#xD;
[xUnit.net 00:00:00.48]       Stack Trace:&#xD;
[xUnit.net 00:00:00.48]         C:\VF\ChildGuard\ChildGuard.Tests\ModernMainFormLayoutTests.cs(22,0): at ChildGuard.Tests.ModernMainFormLayoutTests.RunInSta(Action action)&#xD;
[xUnit.net 00:00:00.48]         C:\VF\ChildGuard\ChildGuard.Tests\ModernMainFormLayoutTests.cs(95,0): at ChildGuard.Tests.ModernMainFormLayoutTests.Protection_NoOverlap()&#xD;
[xUnit.net 00:00:00.48]            at System.RuntimeMethodHandle.InvokeMethod(Object target, Void** arguments, Signature sig, Boolean isConstructor)&#xD;
[xUnit.net 00:00:00.48]            at System.Reflection.MethodBaseInvoker.InvokeWithNoArgs(Object obj, BindingFlags invokeAttr)&#xD;
[xUnit.net 00:00:00.48]       System.NullReferenceException : Object reference not set to an instance of an object.&#xD;
[xUnit.net 00:00:00.48]       Stack Trace:&#xD;
[xUnit.net 00:00:00.49]         C:\VF\ChildGuard\ChildGuard.Tests\ModernMainFormLayoutTests.cs(22,0): at ChildGuard.Tests.ModernMainFormLayoutTests.RunInSta(Action action)&#xD;
[xUnit.net 00:00:00.49]         C:\VF\ChildGuard\ChildGuard.Tests\ModernMainFormLayoutTests.cs(78,0): at ChildGuard.Tests.ModernMainFormLayoutTests.Monitoring_NoOverlap()&#xD;
[xUnit.net 00:00:00.49]            at System.RuntimeMethodHandle.InvokeMethod(Object target, Void** arguments, Signature sig, Boolean isConstructor)&#xD;
[xUnit.net 00:00:00.49]            at System.Reflection.MethodBaseInvoker.InvokeWithNoArgs(Object obj, BindingFlags invokeAttr)&#xD;
[xUnit.net 00:00:00.49]       System.NullReferenceException : Object reference not set to an instance of an object.&#xD;
[xUnit.net 00:00:00.49]       Stack Trace:&#xD;
[xUnit.net 00:00:00.49]         C:\VF\ChildGuard\ChildGuard.Tests\ModernMainFormLayoutTests.cs(22,0): at ChildGuard.Tests.ModernMainFormLayoutTests.RunInSta(Action action)&#xD;
[xUnit.net 00:00:00.49]         C:\VF\ChildGuard\ChildGuard.Tests\ModernMainFormLayoutTests.cs(60,0): at ChildGuard.Tests.ModernMainFormLayoutTests.Dashboard_NoOverlap()&#xD;
[xUnit.net 00:00:00.49]            at System.RuntimeMethodHandle.InvokeMethod(Object target, Void** arguments, Signature sig, Boolean isConstructor)&#xD;
[xUnit.net 00:00:00.49]            at System.Reflection.MethodBaseInvoker.InvokeWithNoArgs(Object obj, BindingFlags invokeAttr)&#xD;
[xUnit.net 00:00:00.49]       System.NullReferenceException : Object reference not set to an instance of an object.&#xD;
[xUnit.net 00:00:00.49]       Stack Trace:&#xD;
[xUnit.net 00:00:00.49]         C:\VF\ChildGuard\ChildGuard.Tests\ModernMainFormLayoutTests.cs(22,0): at ChildGuard.Tests.ModernMainFormLayoutTests.RunInSta(Action action)&#xD;
[xUnit.net 00:00:00.49]         C:\VF\ChildGuard\ChildGuard.Tests\ModernMainFormLayoutTests.cs(112,0): at ChildGuard.Tests.ModernMainFormLayoutTests.Reports_NoOverlap()&#xD;
[xUnit.net 00:00:00.49]            at System.RuntimeMethodHandle.InvokeMethod(Object target, Void** arguments, Signature sig, Boolean isConstructor)&#xD;
[xUnit.net 00:00:00.49]            at System.Reflection.MethodBaseInvoker.InvokeWithNoArgs(Object obj, BindingFlags invokeAttr)&#xD;
[xUnit.net 00:00:00.49]       System.NullReferenceException : Object reference not set to an instance of an object.&#xD;
[xUnit.net 00:00:00.49]       Stack Trace:&#xD;
[xUnit.net 00:00:00.49]         C:\VF\ChildGuard\ChildGuard.Tests\ModernMainFormLayoutTests.cs(22,0): at ChildGuard.Tests.ModernMainFormLayoutTests.RunInSta(Action action)&#xD;
[xUnit.net 00:00:00.49]         C:\VF\ChildGuard\ChildGuard.Tests\ModernMainFormLayoutTests.cs(129,0): at ChildGuard.Tests.ModernMainFormLayoutTests.Settings_NoOverlap()&#xD;
[xUnit.net 00:00:00.49]            at System.RuntimeMethodHandle.InvokeMethod(Object target, Void** arguments, Signature sig, Boolean isConstructor)&#xD;
[xUnit.net 00:00:00.49]            at System.Reflection.MethodBaseInvoker.InvokeWithNoArgs(Object obj, BindingFlags invokeAttr)&#xD;
[xUnit.net 00:00:01.78]   Finished:    ChildGuard.Tests&#xD;
</StdOut>
    </Output>
    <RunInfos>
      <RunInfo computerName="GH" outcome="Error" timestamp="2025-08-29T02:19:46.7630763+07:00">
        <Text>[xUnit.net 00:00:00.48]     ChildGuard.Tests.ModernMainFormLayoutTests.Protection_NoOverlap [FAIL]</Text>
      </RunInfo>
      <RunInfo computerName="GH" outcome="Error" timestamp="2025-08-29T02:19:46.7692795+07:00">
        <Text>[xUnit.net 00:00:00.48]     ChildGuard.Tests.ModernMainFormLayoutTests.Monitoring_NoOverlap [FAIL]</Text>
      </RunInfo>
      <RunInfo computerName="GH" outcome="Error" timestamp="2025-08-29T02:19:46.7767964+07:00">
        <Text>[xUnit.net 00:00:00.49]     ChildGuard.Tests.ModernMainFormLayoutTests.Dashboard_NoOverlap [FAIL]</Text>
      </RunInfo>
      <RunInfo computerName="GH" outcome="Error" timestamp="2025-08-29T02:19:46.7778285+07:00">
        <Text>[xUnit.net 00:00:00.49]     ChildGuard.Tests.ModernMainFormLayoutTests.Reports_NoOverlap [FAIL]</Text>
      </RunInfo>
      <RunInfo computerName="GH" outcome="Error" timestamp="2025-08-29T02:19:46.7802956+07:00">
        <Text>[xUnit.net 00:00:00.49]     ChildGuard.Tests.ModernMainFormLayoutTests.Settings_NoOverlap [FAIL]</Text>
      </RunInfo>
    </RunInfos>
  </ResultSummary>
</TestRun>